# JRE version: OpenJDK Runtime Environment (8.0_242-b01) (build 1.8.0_242-release-1644-b01)
# Java VM: OpenJDK 64-Bit Server VM (25.242-b01 mixed mode windows-amd64 compressed oops)
Heap:
 PSYoungGen      total 484352K, used 343883K [0x00000000e0000000, 0x0000000100000000, 0x0000000100000000)
  eden space 443392K, 72% used [0x00000000e0000000,0x00000000f3944bb8,0x00000000fb100000)
  from space 40960K, 56% used [0x00000000fd800000,0x00000000fee8e0a0,0x0000000100000000)
  to   space 39936K, 0% used [0x00000000fb100000,0x00000000fb100000,0x00000000fd800000)
 ParOldGen       total 250880K, used 157534K [0x00000000a0000000, 0x00000000af500000, 0x00000000e0000000)
  object space 250880K, 62% used [0x00000000a0000000,0x00000000a99d7a98,0x00000000af500000)
 Metaspace       used 119179K, capacity 128542K, committed 128680K, reserved 1161216K
  class space    used 15132K, capacity 16727K, committed 16816K, reserved 1048576K
GC Heap History (10 events):
Event: 2869.864 GC heap before
{Heap before GC invocations=34 (full 5):
 PSYoungGen      total 491008K, used 490885K [0x00000000e0000000, 0x0000000100000000, 0x0000000100000000)
  eden space 458752K, 100% used [0x00000000e0000000,0x00000000fc000000,0x00000000fc000000)
  from space 32256K, 99% used [0x00000000fc000000,0x00000000fdf61548,0x00000000fdf80000)
  to   space 33280K, 0% used [0x00000000fdf80000,0x00000000fdf80000,0x0000000100000000)
 ParOldGen       total 250880K, used 157494K [0x00000000a0000000, 0x00000000af500000, 0x00000000e0000000)
  object space 250880K, 62% used [0x00000000a0000000,0x00000000a99cda98,0x00000000af500000)
 Metaspace       used 113017K, capacity 121514K, committed 122408K, reserved 1155072K
  class space    used 14444K, capacity 15931K, committed 16176K, reserved 1048576K
Event: 2869.989 GC heap after
Heap after GC invocations=34 (full 5):
 PSYoungGen      total 481792K, used 25396K [0x00000000e0000000, 0x0000000100000000, 0x0000000100000000)
  eden space 448512K, 0% used [0x00000000e0000000,0x00000000e0000000,0x00000000fb600000)
  from space 33280K, 76% used [0x00000000fdf80000,0x00000000ff84d1c8,0x0000000100000000)
  to   space 37888K, 0% used [0x00000000fb600000,0x00000000fb600000,0x00000000fdb00000)
 ParOldGen       total 250880K, used 157502K [0x00000000a0000000, 0x00000000af500000, 0x00000000e0000000)
  object space 250880K, 62% used [0x00000000a0000000,0x00000000a99cfa98,0x00000000af500000)
 Metaspace       used 113017K, capacity 121514K, committed 122408K, reserved 1155072K
  class space    used 14444K, capacity 15931K, committed 16176K, reserved 1048576K
}
Event: 3018.171 GC heap before
{Heap before GC invocations=35 (full 5):
 PSYoungGen      total 481792K, used 473908K [0x00000000e0000000, 0x0000000100000000, 0x0000000100000000)
  eden space 448512K, 100% used [0x00000000e0000000,0x00000000fb600000,0x00000000fb600000)
  from space 33280K, 76% used [0x00000000fdf80000,0x00000000ff84d1c8,0x0000000100000000)
  to   space 37888K, 0% used [0x00000000fb600000,0x00000000fb600000,0x00000000fdb00000)
 ParOldGen       total 250880K, used 157502K [0x00000000a0000000, 0x00000000af500000, 0x00000000e0000000)
  object space 250880K, 62% used [0x00000000a0000000,0x00000000a99cfa98,0x00000000af500000)
 Metaspace       used 113266K, capacity 121766K, committed 122664K, reserved 1155072K
  class space    used 14450K, capacity 15939K, committed 16176K, reserved 1048576K
Event: 3018.319 GC heap after
Heap after GC invocations=35 (full 5):
 PSYoungGen      total 477184K, used 28642K [0x00000000e0000000, 0x0000000100000000, 0x0000000100000000)
  eden space 448512K, 0% used [0x00000000e0000000,0x00000000e0000000,0x00000000fb600000)
  from space 28672K, 99% used [0x00000000fb600000,0x00000000fd1f8bd0,0x00000000fd200000)
  to   space 39936K, 0% used [0x00000000fd900000,0x00000000fd900000,0x0000000100000000)
 ParOldGen       total 250880K, used 157510K [0x00000000a0000000, 0x00000000af500000, 0x00000000e0000000)
  object space 250880K, 62% used [0x00000000a0000000,0x00000000a99d1a98,0x00000000af500000)
 Metaspace       used 113266K, capacity 121766K, committed 122664K, reserved 1155072K
  class space    used 14450K, capacity 15939K, committed 16176K, reserved 1048576K
}
Event: 3066.396 GC heap before
{Heap before GC invocations=36 (full 5):
 PSYoungGen      total 477184K, used 477154K [0x00000000e0000000, 0x0000000100000000, 0x0000000100000000)
  eden space 448512K, 100% used [0x00000000e0000000,0x00000000fb600000,0x00000000fb600000)
  from space 28672K, 99% used [0x00000000fb600000,0x00000000fd1f8bd0,0x00000000fd200000)
  to   space 39936K, 0% used [0x00000000fd900000,0x00000000fd900000,0x0000000100000000)
 ParOldGen       total 250880K, used 157510K [0x00000000a0000000, 0x00000000af500000, 0x00000000e0000000)
  object space 250880K, 62% used [0x00000000a0000000,0x00000000a99d1a98,0x00000000af500000)
 Metaspace       used 113425K, capacity 121988K, committed 122920K, reserved 1157120K
  class space    used 14453K, capacity 15942K, committed 16176K, reserved 1048576K
Event: 3066.464 GC heap after
Heap after GC invocations=36 (full 5):
 PSYoungGen      total 484864K, used 23442K [0x00000000e0000000, 0x0000000100000000, 0x0000000100000000)
  eden space 444928K, 0% used [0x00000000e0000000,0x00000000e0000000,0x00000000fb280000)
  from space 39936K, 58% used [0x00000000fd900000,0x00000000fefe49f8,0x0000000100000000)
  to   space 39424K, 0% used [0x00000000fb280000,0x00000000fb280000,0x00000000fd900000)
 ParOldGen       total 250880K, used 157518K [0x00000000a0000000, 0x00000000af500000, 0x00000000e0000000)
  object space 250880K, 62% used [0x00000000a0000000,0x00000000a99d3a98,0x00000000af500000)
 Metaspace       used 113425K, capacity 121988K, committed 122920K, reserved 1157120K
  class space    used 14453K, capacity 15942K, committed 16176K, reserved 1048576K
}
Event: 3468.002 GC heap before
{Heap before GC invocations=37 (full 5):
 PSYoungGen      total 484864K, used 468370K [0x00000000e0000000, 0x0000000100000000, 0x0000000100000000)
  eden space 444928K, 100% used [0x00000000e0000000,0x00000000fb280000,0x00000000fb280000)
  from space 39936K, 58% used [0x00000000fd900000,0x00000000fefe49f8,0x0000000100000000)
  to   space 39424K, 0% used [0x00000000fb280000,0x00000000fb280000,0x00000000fd900000)
 ParOldGen       total 250880K, used 157518K [0x00000000a0000000, 0x00000000af500000, 0x00000000e0000000)
  object space 250880K, 62% used [0x00000000a0000000,0x00000000a99d3a98,0x00000000af500000)
 Metaspace       used 113690K, capacity 122266K, committed 122920K, reserved 1157120K
  class space    used 14462K, capacity 15955K, committed 16176K, reserved 1048576K
Event: 3468.298 GC heap after
Heap after GC invocations=37 (full 5):
 PSYoungGen      total 474112K, used 28960K [0x00000000e0000000, 0x0000000100000000, 0x0000000100000000)
  eden space 444928K, 0% used [0x00000000e0000000,0x00000000e0000000,0x00000000fb280000)
  from space 29184K, 99% used [0x00000000fb280000,0x00000000fcec82e0,0x00000000fcf00000)
  to   space 40960K, 0% used [0x00000000fd800000,0x00000000fd800000,0x0000000100000000)
 ParOldGen       total 250880K, used 157526K [0x00000000a0000000, 0x00000000af500000, 0x00000000e0000000)
  object space 250880K, 62% used [0x00000000a0000000,0x00000000a99d5a98,0x00000000af500000)
 Metaspace       used 113690K, capacity 122266K, committed 122920K, reserved 1157120K
  class space    used 14462K, capacity 15955K, committed 16176K, reserved 1048576K
}
Event: 6003.256 GC heap before
{Heap before GC invocations=38 (full 5):
 PSYoungGen      total 474112K, used 473888K [0x00000000e0000000, 0x0000000100000000, 0x0000000100000000)
  eden space 444928K, 100% used [0x00000000e0000000,0x00000000fb280000,0x00000000fb280000)
  from space 29184K, 99% used [0x00000000fb280000,0x00000000fcec82e0,0x00000000fcf00000)
  to   space 40960K, 0% used [0x00000000fd800000,0x00000000fd800000,0x0000000100000000)
 ParOldGen       total 250880K, used 157526K [0x00000000a0000000, 0x00000000af500000, 0x00000000e0000000)
  object space 250880K, 62% used [0x00000000a0000000,0x00000000a99d5a98,0x00000000af500000)
 Metaspace       used 118352K, capacity 127332K, committed 127784K, reserved 1161216K
  class space    used 15035K, capacity 16561K, committed 16688K, reserved 1048576K
Event: 6045.531 GC heap after
Heap after GC invocations=38 (full 5):
 PSYoungGen      total 484352K, used 23096K [0x00000000e0000000, 0x0000000100000000, 0x0000000100000000)
  eden space 443392K, 0% used [0x00000000e0000000,0x00000000e0000000,0x00000000fb100000)
  from space 40960K, 56% used [0x00000000fd800000,0x00000000fee8e0a0,0x0000000100000000)
  to   space 39936K, 0% used [0x00000000fb100000,0x00000000fb100000,0x00000000fd800000)
 ParOldGen       total 250880K, used 157534K [0x00000000a0000000, 0x00000000af500000, 0x00000000e0000000)
  object space 250880K, 62% used [0x00000000a0000000,0x00000000a99d7a98,0x00000000af500000)
 Metaspace       used 118352K, capacity 127332K, committed 127784K, reserved 1161216K
  class space    used 15035K, capacity 16561K, committed 16688K, reserved 1048576K
}

